0 info it worked if it ends with ok
1 verbose cli [ 'node', '/usr/local/bin/npm', 'run', 'build' ]
2 info using npm@1.4.28
3 info using node@v0.10.33
4 verbose run-script [ 'prebuild', 'build', 'postbuild' ]
5 info prebuild synth@0.1.0
6 info build synth@0.1.0
7 verbose unsafe-perm in lifecycle true
8 info synth@0.1.0 Failed to exec build script
9 error synth@0.1.0 build: `gulp build`
9 error Exit status 8
10 error Failed at the synth@0.1.0 build script.
10 error This is most likely a problem with the synth package,
10 error not with npm itself.
10 error Tell the author that this fails on your system:
10 error     gulp build
10 error You can get their info via:
10 error     npm owner ls synth
10 error There is likely additional logging output above.
11 error System Darwin 15.3.0
12 error command "node" "/usr/local/bin/npm" "run" "build"
13 error cwd /Users/drake/Desktop/CODE/Synth
14 error node -v v0.10.33
15 error npm -v 1.4.28
16 error code ELIFECYCLE
17 verbose exit [ 1, true ]
